# Logfile created on 2012-04-04 19:41:36 -0500 by logger.rb/25413
REQUESTING PAGE: GET / with {} and HTTP headers {}
REQUESTING PAGE: GET / with {} and HTTP headers {}
REQUESTING PAGE: GET / with {} and HTTP headers {}
REQUESTING PAGE: GET / with {} and HTTP headers {}
REQUESTING PAGE: GET / with {} and HTTP headers {"HTTP_REFERER"=>"/"}
REQUESTING PAGE: GET / with {} and HTTP headers {}
REQUESTING PAGE: GET / with {} and HTTP headers {"HTTP_REFERER"=>"/"}
REQUESTING PAGE: GET / with {} and HTTP headers {}
REQUESTING PAGE: GET / with {} and HTTP headers {"HTTP_REFERER"=>"/"}
REQUESTING PAGE: GET / with {} and HTTP headers {}
REQUESTING PAGE: GET / with {} and HTTP headers {"HTTP_REFERER"=>"/"}
REQUESTING PAGE: GET / with {} and HTTP headers {}
REQUESTING PAGE: GET / with {} and HTTP headers {"HTTP_REFERER"=>"/"}
REQUESTING PAGE: GET / with {} and HTTP headers {}
REQUESTING PAGE: GET / with {} and HTTP headers {"HTTP_REFERER"=>"/"}
REQUESTING PAGE: GET / with {} and HTTP headers {}
REQUESTING PAGE: GET / with {} and HTTP headers {"HTTP_REFERER"=>"/"}
REQUESTING PAGE: GET / with {} and HTTP headers {}
REQUESTING PAGE: GET / with {} and HTTP headers {"HTTP_REFERER"=>"/"}
REQUESTING PAGE: GET / with {} and HTTP headers {}
REQUESTING PAGE: GET / with {} and HTTP headers {"HTTP_REFERER"=>"/"}
REQUESTING PAGE: GET / with {} and HTTP headers {}
REQUESTING PAGE: GET / with {} and HTTP headers {"HTTP_REFERER"=>"/"}
REQUESTING PAGE: GET / with {} and HTTP headers {}
REQUESTING PAGE: GET / with {} and HTTP headers {"HTTP_REFERER"=>"/"}
REQUESTING PAGE: GET / with {} and HTTP headers {}
REQUESTING PAGE: GET / with {} and HTTP headers {"HTTP_REFERER"=>"/"}
REQUESTING PAGE: GET / with {} and HTTP headers {}
REQUESTING PAGE: GET / with {} and HTTP headers {"HTTP_REFERER"=>"/"}
REQUESTING PAGE: GET /new with {} and HTTP headers {"HTTP_REFERER"=>"/"}
REQUESTING PAGE: GET /show with {} and HTTP headers {"HTTP_REFERER"=>"/new"}
REQUESTING PAGE: GET / with {} and HTTP headers {}
REQUESTING PAGE: GET / with {} and HTTP headers {"HTTP_REFERER"=>"/"}
REQUESTING PAGE: GET /new with {} and HTTP headers {"HTTP_REFERER"=>"/"}
REQUESTING PAGE: GET / with {} and HTTP headers {}
REQUESTING PAGE: GET / with {} and HTTP headers {"HTTP_REFERER"=>"/"}
REQUESTING PAGE: GET /new with {} and HTTP headers {"HTTP_REFERER"=>"/"}
REQUESTING PAGE: GET / with {} and HTTP headers {}
REQUESTING PAGE: GET / with {} and HTTP headers {"HTTP_REFERER"=>"/"}
REQUESTING PAGE: GET /new with {} and HTTP headers {"HTTP_REFERER"=>"/"}
REQUESTING PAGE: GET / with {} and HTTP headers {}
REQUESTING PAGE: GET / with {} and HTTP headers {"HTTP_REFERER"=>"/"}
REQUESTING PAGE: GET /new with {} and HTTP headers {"HTTP_REFERER"=>"/"}
REQUESTING PAGE: GET / with {} and HTTP headers {}
REQUESTING PAGE: GET / with {} and HTTP headers {"HTTP_REFERER"=>"/"}
REQUESTING PAGE: GET /new with {} and HTTP headers {"HTTP_REFERER"=>"/"}
REQUESTING PAGE: GET / with {} and HTTP headers {}
REQUESTING PAGE: GET / with {} and HTTP headers {"HTTP_REFERER"=>"/"}
REQUESTING PAGE: GET /new with {} and HTTP headers {"HTTP_REFERER"=>"/"}
REQUESTING PAGE: GET /show with {} and HTTP headers {"HTTP_REFERER"=>"/new"}
REQUESTING PAGE: GET / with {} and HTTP headers {}
REQUESTING PAGE: GET / with {} and HTTP headers {"HTTP_REFERER"=>"/"}
REQUESTING PAGE: GET /new with {} and HTTP headers {"HTTP_REFERER"=>"/"}
REQUESTING PAGE: GET / with {} and HTTP headers {}
REQUESTING PAGE: GET / with {} and HTTP headers {"HTTP_REFERER"=>"/"}
REQUESTING PAGE: GET /new with {} and HTTP headers {"HTTP_REFERER"=>"/"}
REQUESTING PAGE: GET / with {} and HTTP headers {}
REQUESTING PAGE: GET / with {} and HTTP headers {"HTTP_REFERER"=>"/"}
REQUESTING PAGE: GET /new with {} and HTTP headers {"HTTP_REFERER"=>"/"}
REQUESTING PAGE: GET / with {} and HTTP headers {}
REQUESTING PAGE: GET / with {} and HTTP headers {"HTTP_REFERER"=>"/"}
REQUESTING PAGE: GET /new with {} and HTTP headers {"HTTP_REFERER"=>"/"}
REQUESTING PAGE: GET / with {} and HTTP headers {}
REQUESTING PAGE: GET / with {} and HTTP headers {"HTTP_REFERER"=>"/"}
REQUESTING PAGE: GET /new with {} and HTTP headers {"HTTP_REFERER"=>"/"}
REQUESTING PAGE: GET / with {} and HTTP headers {}
REQUESTING PAGE: GET / with {} and HTTP headers {"HTTP_REFERER"=>"/"}
REQUESTING PAGE: GET /new with {} and HTTP headers {"HTTP_REFERER"=>"/"}
REQUESTING PAGE: GET /show with {} and HTTP headers {"HTTP_REFERER"=>"/new"}
REQUESTING PAGE: GET / with {} and HTTP headers {}
REQUESTING PAGE: GET / with {} and HTTP headers {"HTTP_REFERER"=>"/"}
REQUESTING PAGE: GET /new with {} and HTTP headers {"HTTP_REFERER"=>"/"}
REQUESTING PAGE: GET /show with {} and HTTP headers {"HTTP_REFERER"=>"/new"}
REQUESTING PAGE: GET / with {} and HTTP headers {}
REQUESTING PAGE: GET / with {} and HTTP headers {"HTTP_REFERER"=>"/"}
REQUESTING PAGE: GET /new with {} and HTTP headers {"HTTP_REFERER"=>"/"}
REQUESTING PAGE: GET /show with {} and HTTP headers {"HTTP_REFERER"=>"/new"}
REQUESTING PAGE: GET / with {} and HTTP headers {}
REQUESTING PAGE: GET / with {} and HTTP headers {"HTTP_REFERER"=>"/"}
REQUESTING PAGE: GET /new with {} and HTTP headers {"HTTP_REFERER"=>"/"}
REQUESTING PAGE: GET /show with {} and HTTP headers {"HTTP_REFERER"=>"/new"}
REQUESTING PAGE: GET / with {} and HTTP headers {}
REQUESTING PAGE: GET / with {} and HTTP headers {"HTTP_REFERER"=>"/"}
REQUESTING PAGE: GET /new with {} and HTTP headers {"HTTP_REFERER"=>"/"}
REQUESTING PAGE: GET /show with {} and HTTP headers {"HTTP_REFERER"=>"/new"}
REQUESTING PAGE: GET / with {} and HTTP headers {}
REQUESTING PAGE: GET / with {} and HTTP headers {"HTTP_REFERER"=>"/"}
REQUESTING PAGE: GET /new with {} and HTTP headers {"HTTP_REFERER"=>"/"}
REQUESTING PAGE: GET /show with {} and HTTP headers {"HTTP_REFERER"=>"/new"}
REQUESTING PAGE: GET / with {} and HTTP headers {}
REQUESTING PAGE: GET / with {} and HTTP headers {"HTTP_REFERER"=>"/"}
REQUESTING PAGE: GET /new with {} and HTTP headers {"HTTP_REFERER"=>"/"}
REQUESTING PAGE: GET /show with {} and HTTP headers {"HTTP_REFERER"=>"/new"}
REQUESTING PAGE: GET / with {} and HTTP headers {}
REQUESTING PAGE: GET / with {} and HTTP headers {"HTTP_REFERER"=>"/"}
REQUESTING PAGE: GET /new with {} and HTTP headers {"HTTP_REFERER"=>"/"}
REQUESTING PAGE: GET /show with {} and HTTP headers {"HTTP_REFERER"=>"/new"}
REQUESTING PAGE: GET / with {} and HTTP headers {}
REQUESTING PAGE: GET / with {} and HTTP headers {"HTTP_REFERER"=>"/"}
REQUESTING PAGE: GET /new with {} and HTTP headers {"HTTP_REFERER"=>"/"}
REQUESTING PAGE: GET /show with {} and HTTP headers {"HTTP_REFERER"=>"/new"}
REQUESTING PAGE: GET / with {} and HTTP headers {}
REQUESTING PAGE: GET / with {} and HTTP headers {"HTTP_REFERER"=>"/"}
REQUESTING PAGE: GET /new with {} and HTTP headers {"HTTP_REFERER"=>"/"}
REQUESTING PAGE: GET /show with {} and HTTP headers {"HTTP_REFERER"=>"/new"}
REQUESTING PAGE: GET / with {} and HTTP headers {}
REQUESTING PAGE: GET / with {} and HTTP headers {"HTTP_REFERER"=>"/"}
REQUESTING PAGE: GET /new with {} and HTTP headers {"HTTP_REFERER"=>"/"}
REQUESTING PAGE: GET /show with {} and HTTP headers {"HTTP_REFERER"=>"/new"}
REQUESTING PAGE: GET / with {} and HTTP headers {}
REQUESTING PAGE: GET / with {} and HTTP headers {"HTTP_REFERER"=>"/"}
REQUESTING PAGE: GET /new with {} and HTTP headers {"HTTP_REFERER"=>"/"}
REQUESTING PAGE: GET /show with {} and HTTP headers {"HTTP_REFERER"=>"/new"}
REQUESTING PAGE: GET / with {} and HTTP headers {}
REQUESTING PAGE: GET / with {} and HTTP headers {"HTTP_REFERER"=>"/"}
REQUESTING PAGE: GET /new with {} and HTTP headers {"HTTP_REFERER"=>"/"}
REQUESTING PAGE: GET /show with {} and HTTP headers {"HTTP_REFERER"=>"/new"}
REQUESTING PAGE: GET / with {} and HTTP headers {}
REQUESTING PAGE: GET / with {} and HTTP headers {"HTTP_REFERER"=>"/"}
REQUESTING PAGE: GET /new with {} and HTTP headers {"HTTP_REFERER"=>"/"}
REQUESTING PAGE: GET /show with {} and HTTP headers {"HTTP_REFERER"=>"/new"}
REQUESTING PAGE: GET / with {} and HTTP headers {}
REQUESTING PAGE: GET / with {} and HTTP headers {"HTTP_REFERER"=>"/"}
REQUESTING PAGE: GET /new with {} and HTTP headers {"HTTP_REFERER"=>"/"}
REQUESTING PAGE: GET /show with {} and HTTP headers {"HTTP_REFERER"=>"/new"}
REQUESTING PAGE: GET / with {} and HTTP headers {}
REQUESTING PAGE: GET / with {} and HTTP headers {"HTTP_REFERER"=>"/"}
REQUESTING PAGE: GET /new with {} and HTTP headers {"HTTP_REFERER"=>"/"}
REQUESTING PAGE: GET /show with {} and HTTP headers {"HTTP_REFERER"=>"/new"}
REQUESTING PAGE: GET / with {} and HTTP headers {}
REQUESTING PAGE: GET / with {} and HTTP headers {"HTTP_REFERER"=>"/"}
REQUESTING PAGE: GET /new with {} and HTTP headers {"HTTP_REFERER"=>"/"}
REQUESTING PAGE: GET /show with {} and HTTP headers {"HTTP_REFERER"=>"/new"}
REQUESTING PAGE: GET / with {} and HTTP headers {}
REQUESTING PAGE: GET / with {} and HTTP headers {"HTTP_REFERER"=>"/"}
REQUESTING PAGE: GET /new with {} and HTTP headers {"HTTP_REFERER"=>"/"}
REQUESTING PAGE: GET /show with {} and HTTP headers {"HTTP_REFERER"=>"/new"}
REQUESTING PAGE: GET / with {} and HTTP headers {}
REQUESTING PAGE: GET / with {} and HTTP headers {"HTTP_REFERER"=>"/"}
REQUESTING PAGE: GET /new with {} and HTTP headers {"HTTP_REFERER"=>"/"}
REQUESTING PAGE: GET /show with {} and HTTP headers {"HTTP_REFERER"=>"/new"}
REQUESTING PAGE: GET / with {} and HTTP headers {}
REQUESTING PAGE: GET / with {} and HTTP headers {"HTTP_REFERER"=>"/"}
REQUESTING PAGE: GET /new with {} and HTTP headers {"HTTP_REFERER"=>"/"}
REQUESTING PAGE: GET /show with {} and HTTP headers {"HTTP_REFERER"=>"/new"}
REQUESTING PAGE: GET / with {} and HTTP headers {}
REQUESTING PAGE: GET / with {} and HTTP headers {"HTTP_REFERER"=>"/"}
REQUESTING PAGE: GET /new with {} and HTTP headers {"HTTP_REFERER"=>"/"}
REQUESTING PAGE: GET /show with {} and HTTP headers {"HTTP_REFERER"=>"/new"}
REQUESTING PAGE: GET / with {} and HTTP headers {}
REQUESTING PAGE: GET / with {} and HTTP headers {"HTTP_REFERER"=>"/"}
REQUESTING PAGE: GET /new with {} and HTTP headers {"HTTP_REFERER"=>"/"}
REQUESTING PAGE: GET /index with {} and HTTP headers {"HTTP_REFERER"=>"/new"}
REQUESTING PAGE: GET / with {} and HTTP headers {}
REQUESTING PAGE: GET / with {} and HTTP headers {"HTTP_REFERER"=>"/"}
REQUESTING PAGE: GET /new with {} and HTTP headers {"HTTP_REFERER"=>"/"}
REQUESTING PAGE: GET / with {} and HTTP headers {}
REQUESTING PAGE: GET / with {} and HTTP headers {"HTTP_REFERER"=>"/"}
REQUESTING PAGE: GET /new with {} and HTTP headers {"HTTP_REFERER"=>"/"}
REQUESTING PAGE: GET / with {} and HTTP headers {}
REQUESTING PAGE: GET / with {} and HTTP headers {"HTTP_REFERER"=>"/"}
REQUESTING PAGE: GET /new with {} and HTTP headers {"HTTP_REFERER"=>"/"}
REQUESTING PAGE: GET / with {} and HTTP headers {}
REQUESTING PAGE: GET / with {} and HTTP headers {"HTTP_REFERER"=>"/"}
REQUESTING PAGE: GET /new with {} and HTTP headers {"HTTP_REFERER"=>"/"}
REQUESTING PAGE: GET / with {} and HTTP headers {}
REQUESTING PAGE: GET / with {} and HTTP headers {"HTTP_REFERER"=>"/"}
REQUESTING PAGE: GET /new with {} and HTTP headers {"HTTP_REFERER"=>"/"}
REQUESTING PAGE: GET /index with {} and HTTP headers {"HTTP_REFERER"=>"/new"}
REQUESTING PAGE: GET / with {} and HTTP headers {}
REQUESTING PAGE: GET / with {} and HTTP headers {"HTTP_REFERER"=>"/"}
REQUESTING PAGE: GET /new with {} and HTTP headers {"HTTP_REFERER"=>"/"}
REQUESTING PAGE: GET /index with {} and HTTP headers {"HTTP_REFERER"=>"/new"}
REQUESTING PAGE: GET / with {} and HTTP headers {}
REQUESTING PAGE: GET / with {} and HTTP headers {"HTTP_REFERER"=>"/"}
REQUESTING PAGE: GET /new with {} and HTTP headers {"HTTP_REFERER"=>"/"}
REQUESTING PAGE: GET /index with {} and HTTP headers {"HTTP_REFERER"=>"/new"}
REQUESTING PAGE: GET / with {} and HTTP headers {}
REQUESTING PAGE: GET / with {} and HTTP headers {"HTTP_REFERER"=>"/"}
REQUESTING PAGE: GET /new with {} and HTTP headers {"HTTP_REFERER"=>"/"}
REQUESTING PAGE: GET /index with {} and HTTP headers {"HTTP_REFERER"=>"/new"}
REQUESTING PAGE: GET / with {} and HTTP headers {}
REQUESTING PAGE: GET / with {} and HTTP headers {"HTTP_REFERER"=>"/"}
REQUESTING PAGE: GET /new with {} and HTTP headers {"HTTP_REFERER"=>"/"}
REQUESTING PAGE: GET /index with {} and HTTP headers {"HTTP_REFERER"=>"/new"}
REQUESTING PAGE: GET / with {} and HTTP headers {}
REQUESTING PAGE: GET / with {} and HTTP headers {"HTTP_REFERER"=>"/"}
REQUESTING PAGE: GET /new with {} and HTTP headers {"HTTP_REFERER"=>"/"}
REQUESTING PAGE: GET /index with {} and HTTP headers {"HTTP_REFERER"=>"/new"}
REQUESTING PAGE: GET / with {} and HTTP headers {}
REQUESTING PAGE: GET / with {} and HTTP headers {"HTTP_REFERER"=>"/"}
REQUESTING PAGE: GET /new with {} and HTTP headers {"HTTP_REFERER"=>"/"}
REQUESTING PAGE: GET /index with {} and HTTP headers {"HTTP_REFERER"=>"/new"}
REQUESTING PAGE: GET / with {} and HTTP headers {}
REQUESTING PAGE: GET / with {} and HTTP headers {"HTTP_REFERER"=>"/"}
REQUESTING PAGE: GET /new with {} and HTTP headers {"HTTP_REFERER"=>"/"}
REQUESTING PAGE: GET / with {} and HTTP headers {}
REQUESTING PAGE: GET / with {} and HTTP headers {"HTTP_REFERER"=>"/"}
REQUESTING PAGE: GET /new with {} and HTTP headers {"HTTP_REFERER"=>"/"}
REQUESTING PAGE: GET /index with {} and HTTP headers {"HTTP_REFERER"=>"/new"}
REQUESTING PAGE: GET / with {} and HTTP headers {}
REQUESTING PAGE: GET / with {} and HTTP headers {"HTTP_REFERER"=>"/"}
REQUESTING PAGE: GET /new with {} and HTTP headers {"HTTP_REFERER"=>"/"}
REQUESTING PAGE: GET /index with {} and HTTP headers {"HTTP_REFERER"=>"/new"}
REQUESTING PAGE: GET / with {} and HTTP headers {}
REQUESTING PAGE: GET / with {} and HTTP headers {"HTTP_REFERER"=>"/"}
REQUESTING PAGE: GET /new with {} and HTTP headers {"HTTP_REFERER"=>"/"}
REQUESTING PAGE: GET /index with {} and HTTP headers {"HTTP_REFERER"=>"/new"}
REQUESTING PAGE: GET / with {} and HTTP headers {}
REQUESTING PAGE: GET / with {} and HTTP headers {"HTTP_REFERER"=>"/"}
REQUESTING PAGE: GET /new with {} and HTTP headers {"HTTP_REFERER"=>"/"}
REQUESTING PAGE: GET /index with {} and HTTP headers {"HTTP_REFERER"=>"/new"}
REQUESTING PAGE: GET / with {} and HTTP headers {}
REQUESTING PAGE: GET / with {} and HTTP headers {"HTTP_REFERER"=>"/"}
REQUESTING PAGE: GET /new with {} and HTTP headers {"HTTP_REFERER"=>"/"}
REQUESTING PAGE: GET /index with {} and HTTP headers {"HTTP_REFERER"=>"/new"}
REQUESTING PAGE: GET / with {} and HTTP headers {}
REQUESTING PAGE: GET / with {} and HTTP headers {"HTTP_REFERER"=>"/"}
REQUESTING PAGE: GET /new with {} and HTTP headers {"HTTP_REFERER"=>"/"}
REQUESTING PAGE: GET /index with {} and HTTP headers {"HTTP_REFERER"=>"/new"}
REQUESTING PAGE: GET / with {} and HTTP headers {}
REQUESTING PAGE: GET / with {} and HTTP headers {"HTTP_REFERER"=>"/"}
REQUESTING PAGE: GET /new with {} and HTTP headers {"HTTP_REFERER"=>"/"}
REQUESTING PAGE: GET / with {} and HTTP headers {}
REQUESTING PAGE: GET / with {} and HTTP headers {"HTTP_REFERER"=>"/"}
REQUESTING PAGE: GET /new with {} and HTTP headers {"HTTP_REFERER"=>"/"}
REQUESTING PAGE: GET /index with {} and HTTP headers {"HTTP_REFERER"=>"/new"}
REQUESTING PAGE: GET / with {} and HTTP headers {}
REQUESTING PAGE: GET / with {} and HTTP headers {"HTTP_REFERER"=>"/"}
REQUESTING PAGE: GET /new with {} and HTTP headers {"HTTP_REFERER"=>"/"}
REQUESTING PAGE: GET /index with {} and HTTP headers {"HTTP_REFERER"=>"/new"}
REQUESTING PAGE: GET / with {} and HTTP headers {}
REQUESTING PAGE: GET / with {} and HTTP headers {"HTTP_REFERER"=>"/"}
REQUESTING PAGE: GET /new with {} and HTTP headers {"HTTP_REFERER"=>"/"}
REQUESTING PAGE: GET /index with {} and HTTP headers {"HTTP_REFERER"=>"/new"}
REQUESTING PAGE: GET / with {} and HTTP headers {}
REQUESTING PAGE: GET / with {} and HTTP headers {"HTTP_REFERER"=>"/"}
REQUESTING PAGE: GET /new with {} and HTTP headers {"HTTP_REFERER"=>"/"}
REQUESTING PAGE: GET /index with {} and HTTP headers {"HTTP_REFERER"=>"/new"}
REQUESTING PAGE: GET / with {} and HTTP headers {}
REQUESTING PAGE: GET / with {} and HTTP headers {"HTTP_REFERER"=>"/"}
REQUESTING PAGE: GET /new with {} and HTTP headers {"HTTP_REFERER"=>"/"}
REQUESTING PAGE: GET /index with {} and HTTP headers {"HTTP_REFERER"=>"/new"}
REQUESTING PAGE: GET / with {} and HTTP headers {}
REQUESTING PAGE: GET / with {} and HTTP headers {"HTTP_REFERER"=>"/"}
REQUESTING PAGE: GET /new with {} and HTTP headers {"HTTP_REFERER"=>"/"}
REQUESTING PAGE: GET /index with {} and HTTP headers {"HTTP_REFERER"=>"/new"}
REQUESTING PAGE: GET / with {} and HTTP headers {}
REQUESTING PAGE: GET / with {} and HTTP headers {"HTTP_REFERER"=>"/"}
REQUESTING PAGE: GET /new with {} and HTTP headers {"HTTP_REFERER"=>"/"}
REQUESTING PAGE: GET /index with {} and HTTP headers {"HTTP_REFERER"=>"/new"}
REQUESTING PAGE: GET / with {} and HTTP headers {}
REQUESTING PAGE: GET / with {} and HTTP headers {"HTTP_REFERER"=>"/"}
REQUESTING PAGE: GET /new with {} and HTTP headers {"HTTP_REFERER"=>"/"}
REQUESTING PAGE: GET /index with {} and HTTP headers {"HTTP_REFERER"=>"/new"}
REQUESTING PAGE: GET / with {} and HTTP headers {}
REQUESTING PAGE: GET / with {} and HTTP headers {"HTTP_REFERER"=>"/"}
REQUESTING PAGE: GET /new with {} and HTTP headers {"HTTP_REFERER"=>"/"}
REQUESTING PAGE: GET /index with {} and HTTP headers {"HTTP_REFERER"=>"/new"}
REQUESTING PAGE: GET /signup with {} and HTTP headers {"HTTP_REFERER"=>"/index"}
